# JRE version: OpenJDK Runtime Environment (8.0_222-b10) (build 1.8.0_222-8u222-b10-1ubuntu1~18.04.1-b10)
# Java VM: OpenJDK 64-Bit Server VM (25.222-b10 mixed mode linux-amd64 compressed oops)
Heap:
 PSYoungGen      total 880640K, used 26110K [0x00000006c0000000, 0x00000006f7580000, 0x00000007c0000000)
  eden space 854528K, 0% used [0x00000006c0000000,0x00000006c0000000,0x00000006f4280000)
  from space 26112K, 99% used [0x00000006f4280000,0x00000006f5bff870,0x00000006f5c00000)
  to   space 17408K, 0% used [0x00000006f5c00000,0x00000006f5c00000,0x00000006f6d00000)
 ParOldGen       total 66048K, used 53508K [0x00000004c0000000, 0x00000004c4080000, 0x00000006c0000000)
  object space 66048K, 81% used [0x00000004c0000000,0x00000004c34411d8,0x00000004c4080000)
 Metaspace       used 82423K, capacity 83681K, committed 83800K, reserved 1120256K
  class space    used 11855K, capacity 12138K, committed 12160K, reserved 1048576K
GC Heap History (10 events):
Event: 22,286 GC heap after
Heap after GC invocations=29 (full 3):
 PSYoungGen      total 651776K, used 4187K [0x00000006c0000000, 0x00000006e9200000, 0x00000007c0000000)
  eden space 637440K, 0% used [0x00000006c0000000,0x00000006c0000000,0x00000006e6e80000)
  from space 14336K, 29% used [0x00000006e7c00000,0x00000006e8016e80,0x00000006e8a00000)
  to   space 13824K, 0% used [0x00000006e6e80000,0x00000006e6e80000,0x00000006e7c00000)
 ParOldGen       total 66048K, used 29177K [0x00000004c0000000, 0x00000004c4080000, 0x00000006c0000000)
  object space 66048K, 44% used [0x00000004c0000000,0x00000004c1c7e478,0x00000004c4080000)
 Metaspace       used 80098K, capacity 81156K, committed 81496K, reserved 1118208K
  class space    used 11571K, capacity 11800K, committed 11904K, reserved 1048576K
}
Event: 23,914 GC heap before
{Heap before GC invocations=30 (full 3):
 PSYoungGen      total 651776K, used 641627K [0x00000006c0000000, 0x00000006e9200000, 0x00000007c0000000)
  eden space 637440K, 100% used [0x00000006c0000000,0x00000006e6e80000,0x00000006e6e80000)
  from space 14336K, 29% used [0x00000006e7c00000,0x00000006e8016e80,0x00000006e8a00000)
  to   space 13824K, 0% used [0x00000006e6e80000,0x00000006e6e80000,0x00000006e7c00000)
 ParOldGen       total 66048K, used 29177K [0x00000004c0000000, 0x00000004c4080000, 0x00000006c0000000)
  object space 66048K, 44% used [0x00000004c0000000,0x00000004c1c7e478,0x00000004c4080000)
 Metaspace       used 80627K, capacity 81784K, committed 82008K, reserved 1120256K
  class space    used 11640K, capacity 11878K, committed 11904K, reserved 1048576K
Event: 23,926 GC heap after
Heap after GC invocations=30 (full 3):
 PSYoungGen      total 651264K, used 8082K [0x00000006c0000000, 0x00000006ee680000, 0x00000007c0000000)
  eden space 637440K, 0% used [0x00000006c0000000,0x00000006c0000000,0x00000006e6e80000)
  from space 13824K, 58% used [0x00000006e6e80000,0x00000006e7664918,0x00000006e7c00000)
  to   space 13824K, 0% used [0x00000006ed900000,0x00000006ed900000,0x00000006ee680000)
 ParOldGen       total 66048K, used 29801K [0x00000004c0000000, 0x00000004c4080000, 0x00000006c0000000)
  object space 66048K, 45% used [0x00000004c0000000,0x00000004c1d1a718,0x00000004c4080000)
 Metaspace       used 80627K, capacity 81784K, committed 82008K, reserved 1120256K
  class space    used 11640K, capacity 11878K, committed 11904K, reserved 1048576K
}
Event: 24,485 GC heap before
{Heap before GC invocations=31 (full 3):
 PSYoungGen      total 651264K, used 645522K [0x00000006c0000000, 0x00000006ee680000, 0x00000007c0000000)
  eden space 637440K, 100% used [0x00000006c0000000,0x00000006e6e80000,0x00000006e6e80000)
  from space 13824K, 58% used [0x00000006e6e80000,0x00000006e7664918,0x00000006e7c00000)
  to   space 13824K, 0% used [0x00000006ed900000,0x00000006ed900000,0x00000006ee680000)
 ParOldGen       total 66048K, used 29801K [0x00000004c0000000, 0x00000004c4080000, 0x00000006c0000000)
  object space 66048K, 45% used [0x00000004c0000000,0x00000004c1d1a718,0x00000004c4080000)
 Metaspace       used 80657K, capacity 81848K, committed 82008K, reserved 1120256K
  class space    used 11640K, capacity 11878K, committed 11904K, reserved 1048576K
Event: 24,498 GC heap after
Heap after GC invocations=31 (full 3):
 PSYoungGen      total 741376K, used 7620K [0x00000006c0000000, 0x00000006ee400000, 0x00000007c0000000)
  eden space 730112K, 0% used [0x00000006c0000000,0x00000006c0000000,0x00000006ec900000)
  from space 11264K, 67% used [0x00000006ed900000,0x00000006ee071108,0x00000006ee400000)
  to   space 13824K, 0% used [0x00000006ec900000,0x00000006ec900000,0x00000006ed680000)
 ParOldGen       total 66048K, used 29801K [0x00000004c0000000, 0x00000004c4080000, 0x00000006c0000000)
  object space 66048K, 45% used [0x00000004c0000000,0x00000004c1d1a718,0x00000004c4080000)
 Metaspace       used 80657K, capacity 81848K, committed 82008K, reserved 1120256K
  class space    used 11640K, capacity 11878K, committed 11904K, reserved 1048576K
}
Event: 26,841 GC heap before
{Heap before GC invocations=32 (full 3):
 PSYoungGen      total 741376K, used 737732K [0x00000006c0000000, 0x00000006ee400000, 0x00000007c0000000)
  eden space 730112K, 100% used [0x00000006c0000000,0x00000006ec900000,0x00000006ec900000)
  from space 11264K, 67% used [0x00000006ed900000,0x00000006ee071108,0x00000006ee400000)
  to   space 13824K, 0% used [0x00000006ec900000,0x00000006ec900000,0x00000006ed680000)
 ParOldGen       total 66048K, used 29801K [0x00000004c0000000, 0x00000004c4080000, 0x00000006c0000000)
  object space 66048K, 45% used [0x00000004c0000000,0x00000004c1d1a718,0x00000004c4080000)
 Metaspace       used 81824K, capacity 83057K, committed 83288K, reserved 1120256K
  class space    used 11782K, capacity 12056K, committed 12160K, reserved 1048576K
Event: 27,101 GC heap after
Heap after GC invocations=32 (full 3):
 PSYoungGen      total 743936K, used 13808K [0x00000006c0000000, 0x00000006f6d00000, 0x00000007c0000000)
  eden space 730112K, 0% used [0x00000006c0000000,0x00000006c0000000,0x00000006ec900000)
  from space 13824K, 99% used [0x00000006ec900000,0x00000006ed67c2e0,0x00000006ed680000)
  to   space 17408K, 0% used [0x00000006f5c00000,0x00000006f5c00000,0x00000006f6d00000)
 ParOldGen       total 66048K, used 33398K [0x00000004c0000000, 0x00000004c4080000, 0x00000006c0000000)
  object space 66048K, 50% used [0x00000004c0000000,0x00000004c209d848,0x00000004c4080000)
 Metaspace       used 81824K, capacity 83057K, committed 83288K, reserved 1120256K
  class space    used 11782K, capacity 12056K, committed 12160K, reserved 1048576K
}
Event: 30,860 GC heap before
{Heap before GC invocations=33 (full 3):
 PSYoungGen      total 743936K, used 743920K [0x00000006c0000000, 0x00000006f6d00000, 0x00000007c0000000)
  eden space 730112K, 100% used [0x00000006c0000000,0x00000006ec900000,0x00000006ec900000)
  from space 13824K, 99% used [0x00000006ec900000,0x00000006ed67c2e0,0x00000006ed680000)
  to   space 17408K, 0% used [0x00000006f5c00000,0x00000006f5c00000,0x00000006f6d00000)
 ParOldGen       total 66048K, used 33398K [0x00000004c0000000, 0x00000004c4080000, 0x00000006c0000000)
  object space 66048K, 50% used [0x00000004c0000000,0x00000004c209d848,0x00000004c4080000)
 Metaspace       used 81852K, capacity 83121K, committed 83288K, reserved 1120256K
  class space    used 11782K, capacity 12056K, committed 12160K, reserved 1048576K
Event: 30,928 GC heap after
Heap after GC invocations=33 (full 3):
 PSYoungGen      total 871936K, used 17377K [0x00000006c0000000, 0x00000006f7580000, 0x00000007c0000000)
  eden space 854528K, 0% used [0x00000006c0000000,0x00000006c0000000,0x00000006f4280000)
  from space 17408K, 99% used [0x00000006f5c00000,0x00000006f6cf8748,0x00000006f6d00000)
  to   space 26112K, 0% used [0x00000006f4280000,0x00000006f4280000,0x00000006f5c00000)
 ParOldGen       total 66048K, used 50299K [0x00000004c0000000, 0x00000004c4080000, 0x00000006c0000000)
  object space 66048K, 76% used [0x00000004c0000000,0x00000004c311ec00,0x00000004c4080000)
 Metaspace       used 81852K, capacity 83121K, committed 83288K, reserved 1120256K
  class space    used 11782K, capacity 12056K, committed 12160K, reserved 1048576K
}
Event: 43,761 GC heap before
{Heap before GC invocations=34 (full 3):
 PSYoungGen      total 871936K, used 871905K [0x00000006c0000000, 0x00000006f7580000, 0x00000007c0000000)
  eden space 854528K, 100% used [0x00000006c0000000,0x00000006f4280000,0x00000006f4280000)
  from space 17408K, 99% used [0x00000006f5c00000,0x00000006f6cf8748,0x00000006f6d00000)
  to   space 26112K, 0% used [0x00000006f4280000,0x00000006f4280000,0x00000006f5c00000)
 ParOldGen       total 66048K, used 50299K [0x00000004c0000000, 0x00000004c4080000, 0x00000006c0000000)
  object space 66048K, 76% used [0x00000004c0000000,0x00000004c311ec00,0x00000004c4080000)
 Metaspace       used 82423K, capacity 83681K, committed 83800K, reserved 1120256K
  class space    used 11855K, capacity 12138K, committed 12160K, reserved 1048576K

