# JRE version: OpenJDK Runtime Environment (8.0_222-b10) (build 1.8.0_222-8u222-b10-1ubuntu1~18.04.1-b10)
# Java VM: OpenJDK 64-Bit Server VM (25.222-b10 mixed mode linux-amd64 compressed oops)
Heap:
 PSYoungGen      total 1605120K, used 39098K [0x00000006c0000000, 0x0000000727600000, 0x00000007c0000000)
  eden space 1563136K, 0% used [0x00000006c0000000,0x00000006c0000000,0x000000071f680000)
  from space 41984K, 93% used [0x0000000722400000,0x0000000724a2eaa8,0x0000000724d00000)
  to   space 26112K, 0% used [0x0000000725c80000,0x0000000725c80000,0x0000000727600000)
 ParOldGen       total 717824K, used 380459K [0x00000004c0000000, 0x00000004ebd00000, 0x00000006c0000000)
  object space 717824K, 53% used [0x00000004c0000000,0x00000004d738ae50,0x00000004ebd00000)
 Metaspace       used 93293K, capacity 94884K, committed 95320K, reserved 1130496K
  class space    used 12902K, capacity 13288K, committed 13400K, reserved 1048576K
GC Heap History (10 events):
Event: 33,785 GC heap after
Heap after GC invocations=23 (full 4):
 PSYoungGen      total 988672K, used 0K [0x00000006c0000000, 0x0000000711c00000, 0x00000007c0000000)
  eden space 964096K, 0% used [0x00000006c0000000,0x00000006c0000000,0x00000006fad80000)
  from space 24576K, 0% used [0x00000006fad80000,0x00000006fad80000,0x00000006fc580000)
  to   space 28672K, 0% used [0x0000000710000000,0x0000000710000000,0x0000000711c00000)
 ParOldGen       total 562176K, used 312766K [0x00000004c0000000, 0x00000004e2500000, 0x00000006c0000000)
  object space 562176K, 55% used [0x00000004c0000000,0x00000004d316fb38,0x00000004e2500000)
 Metaspace       used 89630K, capacity 91044K, committed 91864K, reserved 1128448K
  class space    used 12609K, capacity 12891K, committed 13016K, reserved 1048576K
}
Event: 34,387 GC heap before
{Heap before GC invocations=24 (full 4):
 PSYoungGen      total 988672K, used 964096K [0x00000006c0000000, 0x0000000711c00000, 0x00000007c0000000)
  eden space 964096K, 100% used [0x00000006c0000000,0x00000006fad80000,0x00000006fad80000)
  from space 24576K, 0% used [0x00000006fad80000,0x00000006fad80000,0x00000006fc580000)
  to   space 28672K, 0% used [0x0000000710000000,0x0000000710000000,0x0000000711c00000)
 ParOldGen       total 562176K, used 312766K [0x00000004c0000000, 0x00000004e2500000, 0x00000006c0000000)
  object space 562176K, 55% used [0x00000004c0000000,0x00000004d316fb38,0x00000004e2500000)
 Metaspace       used 89651K, capacity 91044K, committed 91864K, reserved 1128448K
  class space    used 12609K, capacity 12891K, committed 13016K, reserved 1048576K
Event: 34,397 GC heap after
Heap after GC invocations=24 (full 4):
 PSYoungGen      total 1263104K, used 5824K [0x00000006c0000000, 0x0000000710600000, 0x00000007c0000000)
  eden space 1256960K, 0% used [0x00000006c0000000,0x00000006c0000000,0x000000070cb80000)
  from space 6144K, 94% used [0x0000000710000000,0x00000007105b00c0,0x0000000710600000)
  to   space 27136K, 0% used [0x000000070d100000,0x000000070d100000,0x000000070eb80000)
 ParOldGen       total 562176K, used 312774K [0x00000004c0000000, 0x00000004e2500000, 0x00000006c0000000)
  object space 562176K, 55% used [0x00000004c0000000,0x00000004d3171b38,0x00000004e2500000)
 Metaspace       used 89651K, capacity 91044K, committed 91864K, reserved 1128448K
  class space    used 12609K, capacity 12891K, committed 13016K, reserved 1048576K
}
Event: 35,362 GC heap before
{Heap before GC invocations=25 (full 4):
 PSYoungGen      total 1263104K, used 1262784K [0x00000006c0000000, 0x0000000710600000, 0x00000007c0000000)
  eden space 1256960K, 100% used [0x00000006c0000000,0x000000070cb80000,0x000000070cb80000)
  from space 6144K, 94% used [0x0000000710000000,0x00000007105b00c0,0x0000000710600000)
  to   space 27136K, 0% used [0x000000070d100000,0x000000070d100000,0x000000070eb80000)
 ParOldGen       total 562176K, used 312839K [0x00000004c0000000, 0x00000004e2500000, 0x00000006c0000000)
  object space 562176K, 55% used [0x00000004c0000000,0x00000004d3181c00,0x00000004e2500000)
 Metaspace       used 90231K, capacity 91620K, committed 92504K, reserved 1128448K
  class space    used 12657K, capacity 12955K, committed 13144K, reserved 1048576K
Event: 35,411 GC heap after
Heap after GC invocations=25 (full 4):
 PSYoungGen      total 1289728K, used 5686K [0x00000006c0000000, 0x0000000727600000, 0x00000007c0000000)
  eden space 1262592K, 0% used [0x00000006c0000000,0x00000006c0000000,0x000000070d100000)
  from space 27136K, 20% used [0x000000070d100000,0x000000070d68d808,0x000000070eb80000)
  to   space 26112K, 0% used [0x0000000725c80000,0x0000000725c80000,0x0000000727600000)
 ParOldGen       total 695296K, used 673436K [0x00000004c0000000, 0x00000004ea700000, 0x00000006c0000000)
  object space 695296K, 96% used [0x00000004c0000000,0x00000004e91a7240,0x00000004ea700000)
 Metaspace       used 90231K, capacity 91620K, committed 92504K, reserved 1128448K
  class space    used 12657K, capacity 12955K, committed 13144K, reserved 1048576K
}
Event: 35,411 GC heap before
{Heap before GC invocations=26 (full 5):
 PSYoungGen      total 1289728K, used 5686K [0x00000006c0000000, 0x0000000727600000, 0x00000007c0000000)
  eden space 1262592K, 0% used [0x00000006c0000000,0x00000006c0000000,0x000000070d100000)
  from space 27136K, 20% used [0x000000070d100000,0x000000070d68d808,0x000000070eb80000)
  to   space 26112K, 0% used [0x0000000725c80000,0x0000000725c80000,0x0000000727600000)
 ParOldGen       total 695296K, used 673436K [0x00000004c0000000, 0x00000004ea700000, 0x00000006c0000000)
  object space 695296K, 96% used [0x00000004c0000000,0x00000004e91a7240,0x00000004ea700000)
 Metaspace       used 90231K, capacity 91620K, committed 92504K, reserved 1128448K
  class space    used 12657K, capacity 12955K, committed 13144K, reserved 1048576K
Event: 35,506 GC heap after
Heap after GC invocations=26 (full 5):
 PSYoungGen      total 1289728K, used 0K [0x00000006c0000000, 0x0000000727600000, 0x00000007c0000000)
  eden space 1262592K, 0% used [0x00000006c0000000,0x00000006c0000000,0x000000070d100000)
  from space 27136K, 0% used [0x000000070d100000,0x000000070d100000,0x000000070eb80000)
  to   space 26112K, 0% used [0x0000000725c80000,0x0000000725c80000,0x0000000727600000)
 ParOldGen       total 717824K, used 333888K [0x00000004c0000000, 0x00000004ebd00000, 0x00000006c0000000)
  object space 717824K, 46% used [0x00000004c0000000,0x00000004d4610330,0x00000004ebd00000)
 Metaspace       used 90231K, capacity 91620K, committed 92504K, reserved 1128448K
  class space    used 12657K, capacity 12955K, committed 13144K, reserved 1048576K
}
Event: 36,523 GC heap before
{Heap before GC invocations=27 (full 5):
 PSYoungGen      total 1289728K, used 1262592K [0x00000006c0000000, 0x0000000727600000, 0x00000007c0000000)
  eden space 1262592K, 100% used [0x00000006c0000000,0x000000070d100000,0x000000070d100000)
  from space 27136K, 0% used [0x000000070d100000,0x000000070d100000,0x000000070eb80000)
  to   space 26112K, 0% used [0x0000000725c80000,0x0000000725c80000,0x0000000727600000)
 ParOldGen       total 717824K, used 334185K [0x00000004c0000000, 0x00000004ebd00000, 0x00000006c0000000)
  object space 717824K, 46% used [0x00000004c0000000,0x00000004d465a498,0x00000004ebd00000)
 Metaspace       used 92114K, capacity 93590K, committed 94168K, reserved 1130496K
  class space    used 12830K, capacity 13173K, committed 13272K, reserved 1048576K
Event: 36,535 GC heap after
Heap after GC invocations=27 (full 5):
 PSYoungGen      total 1589248K, used 26090K [0x00000006c0000000, 0x0000000727600000, 0x00000007c0000000)
  eden space 1563136K, 0% used [0x00000006c0000000,0x00000006c0000000,0x000000071f680000)
  from space 26112K, 99% used [0x0000000725c80000,0x00000007275fa880,0x0000000727600000)
  to   space 41984K, 0% used [0x0000000722400000,0x0000000722400000,0x0000000724d00000)
 ParOldGen       total 717824K, used 364721K [0x00000004c0000000, 0x00000004ebd00000, 0x00000006c0000000)
  object space 717824K, 50% used [0x00000004c0000000,0x00000004d642c748,0x00000004ebd00000)
 Metaspace       used 92114K, capacity 93590K, committed 94168K, reserved 1130496K
  class space    used 12830K, capacity 13173K, committed 13272K, reserved 1048576K
}
Event: 37,668 GC heap before
{Heap before GC invocations=28 (full 5):
 PSYoungGen      total 1589248K, used 1589226K [0x00000006c0000000, 0x0000000727600000, 0x00000007c0000000)
  eden space 1563136K, 100% used [0x00000006c0000000,0x000000071f680000,0x000000071f680000)
  from space 26112K, 99% used [0x0000000725c80000,0x00000007275fa880,0x0000000727600000)
  to   space 41984K, 0% used [0x0000000722400000,0x0000000722400000,0x0000000724d00000)
 ParOldGen       total 717824K, used 364721K [0x00000004c0000000, 0x00000004ebd00000, 0x00000006c0000000)
  object space 717824K, 50% used [0x00000004c0000000,0x00000004d642c748,0x00000004ebd00000)
 Metaspace       used 93293K, capacity 94884K, committed 95320K, reserved 1130496K
  class space    used 12902K, capacity 13288K, committed 13400K, reserved 1048576K

